<?xml version="1.0" encoding="UTF-8"?>
<testsuite xmlns:xsi="http://www.w3.org/2001/XMLSchema-instance" xsi:noNamespaceSchemaLocation="https://maven.apache.org/surefire/maven-surefire-plugin/xsd/surefire-test-report-3.0.xsd" version="3.0" name="com.p2p.LoanServiceTest" time="0.922" tests="4" errors="0" skipped="0" failures="0">
  <properties>
[...]
</properties>
  <testcase name="shouldRejectLoanWhenCreditScoreLow" classname="com.p2p.LoanServiceTest" time="0.067">
    <system-out><![CDATA[2026-04-25 22:51:35,931 [main] INFO : TC-04: Start test low credit score
2026-04-25 22:51:35,946 [main] DEBUG: Credit score: 550, amount: 5000
2026-04-25 22:51:35,949 [main] DEBUG: Loan status: REJECTED
2026-04-25 22:51:35,954 [main] INFO : TC-04: Passed (Loan rejected)
]]></system-out>
  </testcase>
  <testcase name="shouldApproveLoanWhenCreditScoreHigh" classname="com.p2p.LoanServiceTest" time="0.003">
    <system-out><![CDATA[2026-04-25 22:51:35,980 [main] INFO : TC-03: Start test high credit score
2026-04-25 22:51:35,980 [main] DEBUG: Credit score: 750, amount: 5000
2026-04-25 22:51:35,980 [main] DEBUG: Loan status: APPROVED
2026-04-25 22:51:35,980 [main] INFO : TC-03: Passed (Loan approved)
]]></system-out>
  </testcase>
  <testcase name="shouldRejectLoanWhenAmountIsZeroOrNegative" classname="com.p2p.LoanServiceTest" time="0.007">
    <system-out><![CDATA[2026-04-25 22:51:35,985 [main] INFO : TC-02: Start test invalid loan amount
2026-04-25 22:51:35,986 [main] DEBUG: Testing amount = 0
2026-04-25 22:51:35,988 [main] DEBUG: Testing amount = -500
2026-04-25 22:51:35,989 [main] INFO : TC-02: Passed (Loan rejected for invalid amount)
]]></system-out>
  </testcase>
  <testcase name="shouldRejectLoanWhenBorrowerNotVerified" classname="com.p2p.LoanServiceTest" time="0.003">
    <system-out><![CDATA[2026-04-25 22:51:35,995 [main] INFO : TC-01: Start test borrower not verified
2026-04-25 22:51:35,996 [main] DEBUG: Borrower verified: false, amount: 1000
2026-04-25 22:51:35,996 [main] INFO : TC-01: Passed (Loan rejected because borrower not verified)
]]></system-out>
  </testcase>
</testsuite>